[cookie] 未检测到 BILI_SESSDATA 环境变量，将以游客身份请求（空间接口可能被风控拦截）
============================================================
第1步: 读取现有数据中的 UP 主信息
============================================================
  现有视频: 142 个
  UP 主数量: 50 个
  UP 主列表:
    UPLUZ (mid=4926822): 16 个视频
    kdzzzds (mid=323637465): 15 个视频
    冬眠の松鼠_ (mid=3546711534341091): 11 个视频
    stupid_scout (mid=517637254): 8 个视频
    Delight-linger (mid=1699039750): 6 个视频
    星光与雪 (mid=1225574391): 5 个视频
    梦回0 (mid=238343565): 5 个视频
    小小小名不是小明 (mid=316052822): 4 个视频
    北宸Polariss (mid=11211141): 4 个视频
    夜之叶归一 (mid=361892809): 4 个视频
    Augenstern_-__- (mid=372702868): 4 个视频
    cacl2_lhg (mid=486071964): 3 个视频
    黑韬 (mid=4473556): 3 个视频
    -温醨- (mid=514165293): 3 个视频
    Qilin1132 (mid=517065285): 3 个视频
    bili_3493108501187431 (mid=3493108501187431): 3 个视频
    2258ppq (mid=1019564727): 3 个视频
    PotnQ (mid=149206792): 3 个视频
    飯綱九龍 (mid=35822724): 2 个视频
    飞越麦当劳 (mid=1929605923): 2 个视频
    戏场上的老将军 (mid=2685629): 2 个视频
    炽热的钢铁 (mid=687935502): 2 个视频
    TwoShenMengxi (mid=281098949): 2 个视频
    DaVinci-2nd (mid=432070384): 2 个视频
    小林_sama (mid=365794104): 2 个视频
    s就是这样s (mid=4200244): 1 个视频
    LikrFG (mid=505727661): 1 个视频
    不爱亲 (mid=203218049): 1 个视频
    赤麟方阵2号 (mid=3546602044131675): 1 个视频
    Aki_2519 (mid=1086907113): 1 个视频
    离梦aajjkk (mid=3493110560590178): 1 个视频
    紫巅 (mid=522832632): 1 个视频
    伊甸的亚托莉 (mid=183884156): 1 个视频
    鱼村长233 (mid=21097673): 1 个视频
    雨下冰梧桐 (mid=3493137009871493): 1 个视频
    添星_tianxing (mid=3706985962801907): 1 个视频
    爱尔奎德的死徒 (mid=758650): 1 个视频
    不可以包含特殊字符 (mid=386749948): 1 个视频
    浪迹天涯人free (mid=487326937): 1 个视频
    杠精MrS (mid=1148592466): 1 个视频
    果汁盒Summer (mid=382250095): 1 个视频
    风味光猫 (mid=364213249): 1 个视频
    探归者夕迁 (mid=1180677792): 1 个视频
    しょうぎのハンカチ (mid=136554747): 1 个视频
    新鲜生萝卜 (mid=513776916): 1 个视频
    战术自娱 (mid=491713675): 1 个视频
    Nazidada (mid=1788287073): 1 个视频
    回力之文明 (mid=528086012): 1 个视频
    Fofbgskkbvdk (mid=470054808): 1 个视频
    一夜暴富-_-_- (mid=286515523): 1 个视频

============================================================
第2步: 遍历所有 UP 主，查找遗漏
============================================================

▶ UPLUZ (mid=4926822)
  已收录: 16 个视频
  ⚠ 空间接口被风控 (HTTP 412 / code -352)，疑似未登录。
    解决：export BILI_SESSDATA="你的SESSDATA" 后重试（从浏览器 Cookie 获取）。
  获取失败，跳过

▶ kdzzzds (mid=323637465)
  已收录: 15 个视频
  ⚠ 空间接口被风控 (HTTP 412 / code -352)，疑似未登录。
    解决：export BILI_SESSDATA="你的SESSDATA" 后重试（从浏览器 Cookie 获取）。
  获取失败，跳过

▶ 冬眠の松鼠_ (mid=3546711534341091)
  已收录: 11 个视频
  ⚠ 空间接口被风控 (HTTP 412 / code -352)，疑似未登录。
    解决：export BILI_SESSDATA="你的SESSDATA" 后重试（从浏览器 Cookie 获取）。
  获取失败，跳过

▶ stupid_scout (mid=517637254)
  已收录: 8 个视频
  ⚠ 空间接口被风控 (HTTP 412 / code -352)，疑似未登录。
    解决：export BILI_SESSDATA="你的SESSDATA" 后重试（从浏览器 Cookie 获取）。
  获取失败，跳过

▶ Delight-linger (mid=1699039750)
  已收录: 6 个视频
  ⚠ 空间接口被风控 (HTTP 412 / code -352)，疑似未登录。
    解决：export BILI_SESSDATA="你的SESSDATA" 后重试（从浏览器 Cookie 获取）。
  获取失败，跳过

▶ 星光与雪 (mid=1225574391)
  已收录: 5 个视频
  ⚠ 空间接口被风控 (HTTP 412 / code -352)，疑似未登录。
    解决：export BILI_SESSDATA="你的SESSDATA" 后重试（从浏览器 Cookie 获取）。
  获取失败，跳过

▶ 梦回0 (mid=238343565)
  已收录: 5 个视频
  空间总数: 9 个视频
  ✓ 已全覆盖 (共 5 个 DSv4 视频)

▶ 小小小名不是小明 (mid=316052822)
  已收录: 4 个视频
  ⚠ 空间接口被风控 (HTTP 412 / code -352)，疑似未登录。
    解决：export BILI_SESSDATA="你的SESSDATA" 后重试（从浏览器 Cookie 获取）。
  获取失败，跳过

▶ 北宸Polariss (mid=11211141)
  已收录: 4 个视频
  ⚠ 空间接口被风控 (HTTP 412 / code -352)，疑似未登录。
    解决：export BILI_SESSDATA="你的SESSDATA" 后重试（从浏览器 Cookie 获取）。
  获取失败，跳过

▶ 夜之叶归一 (mid=361892809)
  已收录: 4 个视频
  ⚠ 空间接口被风控 (HTTP 412 / code -352)，疑似未登录。
    解决：export BILI_SESSDATA="你的SESSDATA" 后重试（从浏览器 Cookie 获取）。
  获取失败，跳过

▶ Augenstern_-__- (mid=372702868)
  已收录: 4 个视频
  ⚠ 空间接口被风控 (HTTP 412 / code -352)，疑似未登录。
    解决：export BILI_SESSDATA="你的SESSDATA" 后重试（从浏览器 Cookie 获取）。
  获取失败，跳过

▶ cacl2_lhg (mid=486071964)
  已收录: 3 个视频
  ⚠ 空间接口被风控 (HTTP 412 / code -352)，疑似未登录。
    解决：export BILI_SESSDATA="你的SESSDATA" 后重试（从浏览器 Cookie 获取）。
  获取失败，跳过

▶ 黑韬 (mid=4473556)
  已收录: 3 个视频
  ⚠ 空间接口被风控 (HTTP 412 / code -352)，疑似未登录。
    解决：export BILI_SESSDATA="你的SESSDATA" 后重试（从浏览器 Cookie 获取）。
  获取失败，跳过

▶ -温醨- (mid=514165293)
  已收录: 3 个视频
  ⚠ 空间接口被风控 (HTTP 412 / code -352)，疑似未登录。
    解决：export BILI_SESSDATA="你的SESSDATA" 后重试（从浏览器 Cookie 获取）。
  获取失败，跳过

▶ Qilin1132 (mid=517065285)
  已收录: 3 个视频
  ⚠ 空间接口被风控 (HTTP 412 / code -352)，疑似未登录。
    解决：export BILI_SESSDATA="你的SESSDATA" 后重试（从浏览器 Cookie 获取）。
  获取失败，跳过

▶ bili_3493108501187431 (mid=3493108501187431)
  已收录: 3 个视频
  ⚠ 空间接口被风控 (HTTP 412 / code -352)，疑似未登录。
    解决：export BILI_SESSDATA="你的SESSDATA" 后重试（从浏览器 Cookie 获取）。
  获取失败，跳过

▶ 2258ppq (mid=1019564727)
  已收录: 3 个视频
  ⚠ 空间接口被风控 (HTTP 412 / code -352)，疑似未登录。
    解决：export BILI_SESSDATA="你的SESSDATA" 后重试（从浏览器 Cookie 获取）。
  获取失败，跳过

▶ PotnQ (mid=149206792)
  已收录: 3 个视频
  ⚠ 空间接口被风控 (HTTP 412 / code -352)，疑似未登录。
    解决：export BILI_SESSDATA="你的SESSDATA" 后重试（从浏览器 Cookie 获取）。
  获取失败，跳过

▶ 飯綱九龍 (mid=35822724)
  已收录: 2 个视频
  ⚠ 空间接口被风控 (HTTP 412 / code -352)，疑似未登录。
    解决：export BILI_SESSDATA="你的SESSDATA" 后重试（从浏览器 Cookie 获取）。
  获取失败，跳过

▶ 飞越麦当劳 (mid=1929605923)
  已收录: 2 个视频
